ubremen-r27-docks;2;1;27;2;650;600000;BASE;SUCCESS;73310;
ubremen-r27-docks;2;1;27;2;650;600000;DFCFS;SUCCESS;73180;
ubremen-r27-docks;2;1;27;2;650;600000;ORCA;SUCCESS;95957;
ubremen-r27-docks;1;1;27;1;650;600000;BASE;SUCCESS;154047;
ubremen-r27-docks;1;1;27;1;650;600000;DFCFS;SUCCESS;153832;
ubremen-r27-docks;1;1;27;1;650;600000;ORCA;SUCCESS;162694;
ubremen-r27-docks;3;1;27;3;650;600000;BASE;SUCCESS;106173;
ubremen-r27-docks;3;1;27;3;650;600000;ORCA;SUCCESS;112443;
ubremen-r27-docks;3;1;27;3;650;600000;DFCFS;SUCCESS;106140;
ubremen-r27-docks;4;15;27;1;650;600000;BASE;SUCCESS;149491;
ubremen-r27-docks;4;15;27;1;650;600000;DFCFS;SUCCESS;161448;
ubremen-r27-docks;5;15;27;2;650;600000;BASE;SUCCESS;173303;
ubremen-r27-docks;6;15;27;3;650;600000;BASE;SUCCESS;132318;
ubremen-r27-docks;6;15;27;3;650;600000;DFCFS;SUCCESS;152952;
ubremen-r27-docks;4;15;27;1;650;600000;ORCA;TIMEOUT;inf;
ubremen-r27-docks;5;15;27;2;650;600000;ORCA;TIMEOUT;inf;
06:48:38 [ERROR] (PlanningAgent.java:93) -  >>>>>>>>>>>>>>> !!!!! No trajectory found within the runtime limit of 3000 ms !!!! <<<<<<<<<<<<<<<<<<<<<
dobst:
((937, 849, 9750) : (937, 849, 10400)) --> ((1877, 1267, 599300) : (1877, 1267, 599950))
((2792, 1074, 7800) : (2792, 1074, 8450)) --> ((1847, 1452, 599300) : (1847, 1452, 599950))
((2405, 1420, 38350) : (2405, 1420, 39000)) --> ((1077, 1087, 599300) : (1077, 1087, 599950))
((2219, 1402, 10400) : (2219, 1402, 11050)) --> ((1832, 896, 599300) : (1832, 896, 599950))
((2488, 1042, 6500) : (2488, 1042, 7150)) --> ((2099, 1515, 599300) : (2099, 1515, 599950))
((1945, 1276, 31850) : (1945, 1276, 32500)) --> ((1721, 1452, 599300) : (1721, 1452, 599950))
((1518, 732, 5850) : (1518, 732, 6500)) --> ((2893, 1441, 599300) : (2893, 1441, 599950))
((433, 980, 29250) : (433, 980, 29900)) --> ((937, 766, 599300) : (937, 766, 599950))
((1973, 1515, 5200) : (1973, 1515, 5850)) --> ((3335, 897, 599300) : (3335, 897, 599950))
((2158, 1458, 11700) : (2158, 1458, 12350)) --> ((2792, 1137, 599300) : (2792, 1137, 599950))
((2185, 762, 12350) : (2185, 762, 13000)) --> ((2346, 1417, 599300) : (2346, 1417, 599950))
((1882, 826, 5850) : (1882, 826, 6500)) --> ((556, 1080, 599300) : (556, 1080, 599950))
((2027, 824, 4550) : (2027, 824, 5200)) --> ((3543, 1394, 599300) : (3543, 1394, 599950))
((2540, 1515, 9100) : (2540, 1515, 9750)) --> ((1260, 1274, 599300) : (1260, 1274, 599950))
ubremen-r27-docks;5;15;27;2;650;600000;DFCFS;TIMEOUT;inf;
ubremen-r27-docks;6;15;27;3;650;600000;ORCA;TIMEOUT;inf;
